<?xml version="1.0" encoding="UTF-8"?>
<testsuites>
  <testsuite name="" tests="21" assertions="51" errors="0" warnings="0" failures="0" skipped="0" time="0.436370">
    <testsuite name="Project Test Suite" tests="21" assertions="51" errors="0" warnings="0" failures="0" skipped="0" time="0.436370">
      <testsuite name="App\CardGraphic\CardGraphicTest" file="/home/rebas/dbwebb-kurser/mvc/me/report/tests/Card/CardGraphicTest.php" tests="1" assertions="2" errors="0" warnings="0" failures="0" skipped="0" time="0.006267">
        <testcase name="testCardGraphicUnicode" class="App\CardGraphic\CardGraphicTest" classname="App.CardGraphic.CardGraphicTest" file="/home/rebas/dbwebb-kurser/mvc/me/report/tests/Card/CardGraphicTest.php" line="12" assertions="2" time="0.006267"/>
      </testsuite>
      <testsuite name="App\Card\CardTest" file="/home/rebas/dbwebb-kurser/mvc/me/report/tests/Card/CardTest.php" tests="10" assertions="18" errors="0" warnings="0" failures="0" skipped="0" time="0.006654">
        <testcase name="testCreateCard" class="App\Card\CardTest" classname="App.Card.CardTest" file="/home/rebas/dbwebb-kurser/mvc/me/report/tests/Card/CardTest.php" line="13" assertions="3" time="0.000702"/>
        <testcase name="testDrawForBank" class="App\Card\CardTest" classname="App.Card.CardTest" file="/home/rebas/dbwebb-kurser/mvc/me/report/tests/Card/CardTest.php" line="28" assertions="1" time="0.000305"/>
        <testcase name="testWinnerBank" class="App\Card\CardTest" classname="App.Card.CardTest" file="/home/rebas/dbwebb-kurser/mvc/me/report/tests/Card/CardTest.php" line="44" assertions="1" time="0.000255"/>
        <testcase name="testWinnerPlayer" class="App\Card\CardTest" classname="App.Card.CardTest" file="/home/rebas/dbwebb-kurser/mvc/me/report/tests/Card/CardTest.php" line="55" assertions="1" time="0.000257"/>
        <testcase name="testCalculateTotalPointsWithAceAsOne" class="App\Card\CardTest" classname="App.Card.CardTest" file="/home/rebas/dbwebb-kurser/mvc/me/report/tests/Card/CardTest.php" line="68" assertions="1" time="0.000283"/>
        <testcase name="testRemainingCards" class="App\Card\CardTest" classname="App.Card.CardTest" file="/home/rebas/dbwebb-kurser/mvc/me/report/tests/Card/CardTest.php" line="83" assertions="1" time="0.000765"/>
        <testcase name="testDrawCardFromDeckReturnsCard" class="App\Card\CardTest" classname="App.Card.CardTest" file="/home/rebas/dbwebb-kurser/mvc/me/report/tests/Card/CardTest.php" line="95" assertions="2" time="0.001519"/>
        <testcase name="testBankDrawStopsAtMinPoints" class="App\Card\CardTest" classname="App.Card.CardTest" file="/home/rebas/dbwebb-kurser/mvc/me/report/tests/Card/CardTest.php" line="110" assertions="5" time="0.002023"/>
        <testcase name="testCardJson" class="App\Card\CardTest" classname="App.Card.CardTest" file="/home/rebas/dbwebb-kurser/mvc/me/report/tests/Card/CardTest.php" line="127" assertions="2" time="0.000278"/>
        <testcase name="testToString" class="App\Card\CardTest" classname="App.Card.CardTest" file="/home/rebas/dbwebb-kurser/mvc/me/report/tests/Card/CardTest.php" line="144" assertions="1" time="0.000267"/>
      </testsuite>
      <testsuite name="App\DeckOfCards\DeckOfCardsTest" file="/home/rebas/dbwebb-kurser/mvc/me/report/tests/Card/DeckOfCardsTest.php" tests="4" assertions="14" errors="0" warnings="0" failures="0" skipped="0" time="0.004072">
        <testcase name="testGetCards" class="App\DeckOfCards\DeckOfCardsTest" classname="App.DeckOfCards.DeckOfCardsTest" file="/home/rebas/dbwebb-kurser/mvc/me/report/tests/Card/DeckOfCardsTest.php" line="16" assertions="3" time="0.001048"/>
        <testcase name="testDrawCards" class="App\DeckOfCards\DeckOfCardsTest" classname="App.DeckOfCards.DeckOfCardsTest" file="/home/rebas/dbwebb-kurser/mvc/me/report/tests/Card/DeckOfCardsTest.php" line="29" assertions="1" time="0.000396"/>
        <testcase name="testDrawCard" class="App\DeckOfCards\DeckOfCardsTest" classname="App.DeckOfCards.DeckOfCardsTest" file="/home/rebas/dbwebb-kurser/mvc/me/report/tests/Card/DeckOfCardsTest.php" line="41" assertions="2" time="0.000382"/>
        <testcase name="testSortByColorAndNumber" class="App\DeckOfCards\DeckOfCardsTest" classname="App.DeckOfCards.DeckOfCardsTest" file="/home/rebas/dbwebb-kurser/mvc/me/report/tests/Card/DeckOfCardsTest.php" line="54" assertions="8" time="0.002246"/>
      </testsuite>
      <testsuite name="App\Tests\Controller\LibraryControllerTest" file="/home/rebas/dbwebb-kurser/mvc/me/report/tests/Library/LibraryControllerTest.php" tests="6" assertions="17" errors="0" warnings="0" failures="0" skipped="0" time="0.419376">
        <testcase name="testShowAllLibraryReturnsJson" class="App\Tests\Controller\LibraryControllerTest" classname="App.Tests.Controller.LibraryControllerTest" file="/home/rebas/dbwebb-kurser/mvc/me/report/tests/Library/LibraryControllerTest.php" line="16" assertions="2" time="0.024117"/>
        <testcase name="testViewAllLibraryReturnsResponse" class="App\Tests\Controller\LibraryControllerTest" classname="App.Tests.Controller.LibraryControllerTest" file="/home/rebas/dbwebb-kurser/mvc/me/report/tests/Library/LibraryControllerTest.php" line="37" assertions="2" time="0.000991"/>
        <testcase name="testCreateLibraryPost" class="App\Tests\Controller\LibraryControllerTest" classname="App.Tests.Controller.LibraryControllerTest" file="/home/rebas/dbwebb-kurser/mvc/me/report/tests/Library/LibraryControllerTest.php" line="56" assertions="2" time="0.312895"/>
        <testcase name="testViewOneLibrary" class="App\Tests\Controller\LibraryControllerTest" classname="App.Tests.Controller.LibraryControllerTest" file="/home/rebas/dbwebb-kurser/mvc/me/report/tests/Library/LibraryControllerTest.php" line="87" assertions="5" time="0.038423"/>
        <testcase name="testUpdateLibrarySubmit" class="App\Tests\Controller\LibraryControllerTest" classname="App.Tests.Controller.LibraryControllerTest" file="/home/rebas/dbwebb-kurser/mvc/me/report/tests/Library/LibraryControllerTest.php" line="117" assertions="5" time="0.029229"/>
        <testcase name="testIndexPage" class="App\Tests\Controller\LibraryControllerTest" classname="App.Tests.Controller.LibraryControllerTest" file="/home/rebas/dbwebb-kurser/mvc/me/report/tests/Library/LibraryControllerTest.php" line="150" assertions="1" time="0.013722"/>
      </testsuite>
    </testsuite>
  </testsuite>
</testsuites>
