<?xml version="1.0" encoding="UTF-8"?>
<testsuites>
  <testsuite name="" tests="32" assertions="94" errors="0" warnings="0" failures="0" skipped="0" time="0.070640">
    <testsuite name="Project Test Suite" tests="32" assertions="94" errors="0" warnings="0" failures="0" skipped="0" time="0.070640">
      <testsuite name="App\Controller\ApiDatControllerTest" file="/home/rebas/dbwebb-kurser/mvc/me/report/tests/Api/ApiDataControllerTest.php" tests="4" assertions="23" errors="0" warnings="0" failures="0" skipped="0" time="0.038691">
        <testcase name="testJsonDeck" class="App\Controller\ApiDatControllerTest" classname="App.Controller.ApiDatControllerTest" file="/home/rebas/dbwebb-kurser/mvc/me/report/tests/Api/ApiDataControllerTest.php" line="18" assertions="5" time="0.021431"/>
        <testcase name="testJsonShuffle" class="App\Controller\ApiDatControllerTest" classname="App.Controller.ApiDatControllerTest" file="/home/rebas/dbwebb-kurser/mvc/me/report/tests/Api/ApiDataControllerTest.php" line="37" assertions="6" time="0.014554"/>
        <testcase name="testDrawCard" class="App\Controller\ApiDatControllerTest" classname="App.Controller.ApiDatControllerTest" file="/home/rebas/dbwebb-kurser/mvc/me/report/tests/Api/ApiDataControllerTest.php" line="65" assertions="6" time="0.001447"/>
        <testcase name="testDrawMultipleCards" class="App\Controller\ApiDatControllerTest" classname="App.Controller.ApiDatControllerTest" file="/home/rebas/dbwebb-kurser/mvc/me/report/tests/Api/ApiDataControllerTest.php" line="104" assertions="6" time="0.001259"/>
      </testsuite>
      <testsuite name="App\Card\CardControllerTest" file="/home/rebas/dbwebb-kurser/mvc/me/report/tests/Card/CardControllerTest.php" tests="3" assertions="16" errors="0" warnings="0" failures="0" skipped="0" time="0.005054">
        <testcase name="testStartGame" class="App\Card\CardControllerTest" classname="App.Card.CardControllerTest" file="/home/rebas/dbwebb-kurser/mvc/me/report/tests/Card/CardControllerTest.php" line="17" assertions="8" time="0.002335"/>
        <testcase name="testRestartGameClearsSessionAndRedirects" class="App\Card\CardControllerTest" classname="App.Card.CardControllerTest" file="/home/rebas/dbwebb-kurser/mvc/me/report/tests/Card/CardControllerTest.php" line="52" assertions="4" time="0.002074"/>
        <testcase name="testDeleteClears" class="App\Card\CardControllerTest" classname="App.Card.CardControllerTest" file="/home/rebas/dbwebb-kurser/mvc/me/report/tests/Card/CardControllerTest.php" line="83" assertions="4" time="0.000645"/>
      </testsuite>
      <testsuite name="App\CardGraphic\CardGraphicTest" file="/home/rebas/dbwebb-kurser/mvc/me/report/tests/Card/CardGraphicTest.php" tests="1" assertions="2" errors="0" warnings="0" failures="0" skipped="0" time="0.000308">
        <testcase name="testCardGraphicUnicode" class="App\CardGraphic\CardGraphicTest" classname="App.CardGraphic.CardGraphicTest" file="/home/rebas/dbwebb-kurser/mvc/me/report/tests/Card/CardGraphicTest.php" line="12" assertions="2" time="0.000308"/>
      </testsuite>
      <testsuite name="App\Card\CardTest" file="/home/rebas/dbwebb-kurser/mvc/me/report/tests/Card/CardTest.php" tests="10" assertions="18" errors="0" warnings="0" failures="0" skipped="0" time="0.005086">
        <testcase name="testCreateCard" class="App\Card\CardTest" classname="App.Card.CardTest" file="/home/rebas/dbwebb-kurser/mvc/me/report/tests/Card/CardTest.php" line="13" assertions="3" time="0.000270"/>
        <testcase name="testDrawForBank" class="App\Card\CardTest" classname="App.Card.CardTest" file="/home/rebas/dbwebb-kurser/mvc/me/report/tests/Card/CardTest.php" line="28" assertions="1" time="0.000279"/>
        <testcase name="testWinnerBank" class="App\Card\CardTest" classname="App.Card.CardTest" file="/home/rebas/dbwebb-kurser/mvc/me/report/tests/Card/CardTest.php" line="44" assertions="1" time="0.000338"/>
        <testcase name="testWinnerPlayer" class="App\Card\CardTest" classname="App.Card.CardTest" file="/home/rebas/dbwebb-kurser/mvc/me/report/tests/Card/CardTest.php" line="55" assertions="1" time="0.000409"/>
        <testcase name="testCalculateTotalPointsWithAceAsOne" class="App\Card\CardTest" classname="App.Card.CardTest" file="/home/rebas/dbwebb-kurser/mvc/me/report/tests/Card/CardTest.php" line="68" assertions="1" time="0.000332"/>
        <testcase name="testRemainingCards" class="App\Card\CardTest" classname="App.Card.CardTest" file="/home/rebas/dbwebb-kurser/mvc/me/report/tests/Card/CardTest.php" line="83" assertions="1" time="0.000371"/>
        <testcase name="testDrawCardFromDeckReturnsCard" class="App\Card\CardTest" classname="App.Card.CardTest" file="/home/rebas/dbwebb-kurser/mvc/me/report/tests/Card/CardTest.php" line="95" assertions="2" time="0.000421"/>
        <testcase name="testBankDrawStopsAtMinPoints" class="App\Card\CardTest" classname="App.Card.CardTest" file="/home/rebas/dbwebb-kurser/mvc/me/report/tests/Card/CardTest.php" line="110" assertions="5" time="0.002112"/>
        <testcase name="testCardJson" class="App\Card\CardTest" classname="App.Card.CardTest" file="/home/rebas/dbwebb-kurser/mvc/me/report/tests/Card/CardTest.php" line="127" assertions="2" time="0.000284"/>
        <testcase name="testToString" class="App\Card\CardTest" classname="App.Card.CardTest" file="/home/rebas/dbwebb-kurser/mvc/me/report/tests/Card/CardTest.php" line="144" assertions="1" time="0.000270"/>
      </testsuite>
      <testsuite name="App\DeckOfCards\DeckOfCardsTest" file="/home/rebas/dbwebb-kurser/mvc/me/report/tests/Card/DeckOfCardsTest.php" tests="4" assertions="14" errors="0" warnings="0" failures="0" skipped="0" time="0.003361">
        <testcase name="testGetCards" class="App\DeckOfCards\DeckOfCardsTest" classname="App.DeckOfCards.DeckOfCardsTest" file="/home/rebas/dbwebb-kurser/mvc/me/report/tests/Card/DeckOfCardsTest.php" line="16" assertions="3" time="0.000387"/>
        <testcase name="testDrawCards" class="App\DeckOfCards\DeckOfCardsTest" classname="App.DeckOfCards.DeckOfCardsTest" file="/home/rebas/dbwebb-kurser/mvc/me/report/tests/Card/DeckOfCardsTest.php" line="29" assertions="1" time="0.000365"/>
        <testcase name="testDrawCard" class="App\DeckOfCards\DeckOfCardsTest" classname="App.DeckOfCards.DeckOfCardsTest" file="/home/rebas/dbwebb-kurser/mvc/me/report/tests/Card/DeckOfCardsTest.php" line="41" assertions="2" time="0.000373"/>
        <testcase name="testSortByColorAndNumber" class="App\DeckOfCards\DeckOfCardsTest" classname="App.DeckOfCards.DeckOfCardsTest" file="/home/rebas/dbwebb-kurser/mvc/me/report/tests/Card/DeckOfCardsTest.php" line="54" assertions="8" time="0.002236"/>
      </testsuite>
      <testsuite name="App\Tests\Controller\LibraryControllerTest" file="/home/rebas/dbwebb-kurser/mvc/me/report/tests/Library/LibraryControllerTest.php" tests="2" assertions="4" errors="0" warnings="0" failures="0" skipped="0" time="0.006934">
        <testcase name="testShowAllLibraryReturnsJson" class="App\Tests\Controller\LibraryControllerTest" classname="App.Tests.Controller.LibraryControllerTest" file="/home/rebas/dbwebb-kurser/mvc/me/report/tests/Library/LibraryControllerTest.php" line="12" assertions="2" time="0.005958"/>
        <testcase name="testViewAllLibraryReturnsResponse" class="App\Tests\Controller\LibraryControllerTest" classname="App.Tests.Controller.LibraryControllerTest" file="/home/rebas/dbwebb-kurser/mvc/me/report/tests/Library/LibraryControllerTest.php" line="33" assertions="2" time="0.000976"/>
      </testsuite>
      <testsuite name="App\Tests\ProjControllerTest" file="/home/rebas/dbwebb-kurser/mvc/me/report/tests/Proj/ProjControllerTest.php" tests="8" assertions="17" errors="0" warnings="0" failures="0" skipped="0" time="0.011207">
        <testcase name="testFindAllPosts" class="App\Tests\ProjControllerTest" classname="App.Tests.ProjControllerTest" file="/home/rebas/dbwebb-kurser/mvc/me/report/tests/Proj/ProjControllerTest.php" line="17" assertions="2" time="0.001894"/>
        <testcase name="testFindAllCategories" class="App\Tests\ProjControllerTest" classname="App.Tests.ProjControllerTest" file="/home/rebas/dbwebb-kurser/mvc/me/report/tests/Proj/ProjControllerTest.php" line="34" assertions="2" time="0.006261"/>
        <testcase name="testSetAndGetCategory" class="App\Tests\ProjControllerTest" classname="App.Tests.ProjControllerTest" file="/home/rebas/dbwebb-kurser/mvc/me/report/tests/Proj/ProjControllerTest.php" line="48" assertions="2" time="0.000329"/>
        <testcase name="testSetAndGetImage" class="App\Tests\ProjControllerTest" classname="App.Tests.ProjControllerTest" file="/home/rebas/dbwebb-kurser/mvc/me/report/tests/Proj/ProjControllerTest.php" line="60" assertions="1" time="0.000262"/>
        <testcase name="testGetId" class="App\Tests\ProjControllerTest" classname="App.Tests.ProjControllerTest" file="/home/rebas/dbwebb-kurser/mvc/me/report/tests/Proj/ProjControllerTest.php" line="69" assertions="1" time="0.000266"/>
        <testcase name="testGetPosts" class="App\Tests\ProjControllerTest" classname="App.Tests.ProjControllerTest" file="/home/rebas/dbwebb-kurser/mvc/me/report/tests/Proj/ProjControllerTest.php" line="81" assertions="4" time="0.001612"/>
        <testcase name="testRemovePost" class="App\Tests\ProjControllerTest" classname="App.Tests.ProjControllerTest" file="/home/rebas/dbwebb-kurser/mvc/me/report/tests/Proj/ProjControllerTest.php" line="101" assertions="4" time="0.000320"/>
        <testcase name="testGetDescription" class="App\Tests\ProjControllerTest" classname="App.Tests.ProjControllerTest" file="/home/rebas/dbwebb-kurser/mvc/me/report/tests/Proj/ProjControllerTest.php" line="121" assertions="1" time="0.000264"/>
      </testsuite>
    </testsuite>
  </testsuite>
</testsuites>
