<?xml version="1.0" encoding="UTF-8"?>
<testsuites>
  <testsuite name="" tests="31" assertions="94" errors="0" warnings="0" failures="0" skipped="0" time="0.386255">
    <testsuite name="Project Test Suite" tests="31" assertions="94" errors="0" warnings="0" failures="0" skipped="0" time="0.386255">
      <testsuite name="App\Controller\ApiDatControllerTest" file="/home/rebas/dbwebb-kurser/mvc/me/report/tests/Api/ApiDataControllerTest.php" tests="4" assertions="23" errors="0" warnings="0" failures="0" skipped="0" time="0.038809">
        <testcase name="testJsonDeck" class="App\Controller\ApiDatControllerTest" classname="App.Controller.ApiDatControllerTest" file="/home/rebas/dbwebb-kurser/mvc/me/report/tests/Api/ApiDataControllerTest.php" line="18" assertions="5" time="0.021278"/>
        <testcase name="testJsonShuffle" class="App\Controller\ApiDatControllerTest" classname="App.Controller.ApiDatControllerTest" file="/home/rebas/dbwebb-kurser/mvc/me/report/tests/Api/ApiDataControllerTest.php" line="37" assertions="6" time="0.014601"/>
        <testcase name="testDrawCard" class="App\Controller\ApiDatControllerTest" classname="App.Controller.ApiDatControllerTest" file="/home/rebas/dbwebb-kurser/mvc/me/report/tests/Api/ApiDataControllerTest.php" line="65" assertions="6" time="0.001557"/>
        <testcase name="testDrawMultipleCards" class="App\Controller\ApiDatControllerTest" classname="App.Controller.ApiDatControllerTest" file="/home/rebas/dbwebb-kurser/mvc/me/report/tests/Api/ApiDataControllerTest.php" line="104" assertions="6" time="0.001373"/>
      </testsuite>
      <testsuite name="App\Card\CardControllerTest" file="/home/rebas/dbwebb-kurser/mvc/me/report/tests/Card/CardControllerTest.php" tests="3" assertions="16" errors="0" warnings="0" failures="0" skipped="0" time="0.005834">
        <testcase name="testStartGame" class="App\Card\CardControllerTest" classname="App.Card.CardControllerTest" file="/home/rebas/dbwebb-kurser/mvc/me/report/tests/Card/CardControllerTest.php" line="17" assertions="8" time="0.002624"/>
        <testcase name="testRestartGameClearsSessionAndRedirects" class="App\Card\CardControllerTest" classname="App.Card.CardControllerTest" file="/home/rebas/dbwebb-kurser/mvc/me/report/tests/Card/CardControllerTest.php" line="52" assertions="4" time="0.002477"/>
        <testcase name="testDeleteClears" class="App\Card\CardControllerTest" classname="App.Card.CardControllerTest" file="/home/rebas/dbwebb-kurser/mvc/me/report/tests/Card/CardControllerTest.php" line="83" assertions="4" time="0.000733"/>
      </testsuite>
      <testsuite name="App\CardGraphic\CardGraphicTest" file="/home/rebas/dbwebb-kurser/mvc/me/report/tests/Card/CardGraphicTest.php" tests="1" assertions="2" errors="0" warnings="0" failures="0" skipped="0" time="0.000307">
        <testcase name="testCardGraphicUnicode" class="App\CardGraphic\CardGraphicTest" classname="App.CardGraphic.CardGraphicTest" file="/home/rebas/dbwebb-kurser/mvc/me/report/tests/Card/CardGraphicTest.php" line="12" assertions="2" time="0.000307"/>
      </testsuite>
      <testsuite name="App\Card\CardTest" file="/home/rebas/dbwebb-kurser/mvc/me/report/tests/Card/CardTest.php" tests="10" assertions="18" errors="0" warnings="0" failures="0" skipped="0" time="0.005130">
        <testcase name="testCreateCard" class="App\Card\CardTest" classname="App.Card.CardTest" file="/home/rebas/dbwebb-kurser/mvc/me/report/tests/Card/CardTest.php" line="13" assertions="3" time="0.000300"/>
        <testcase name="testDrawForBank" class="App\Card\CardTest" classname="App.Card.CardTest" file="/home/rebas/dbwebb-kurser/mvc/me/report/tests/Card/CardTest.php" line="28" assertions="1" time="0.000293"/>
        <testcase name="testWinnerBank" class="App\Card\CardTest" classname="App.Card.CardTest" file="/home/rebas/dbwebb-kurser/mvc/me/report/tests/Card/CardTest.php" line="44" assertions="1" time="0.000298"/>
        <testcase name="testWinnerPlayer" class="App\Card\CardTest" classname="App.Card.CardTest" file="/home/rebas/dbwebb-kurser/mvc/me/report/tests/Card/CardTest.php" line="55" assertions="1" time="0.000285"/>
        <testcase name="testCalculateTotalPointsWithAceAsOne" class="App\Card\CardTest" classname="App.Card.CardTest" file="/home/rebas/dbwebb-kurser/mvc/me/report/tests/Card/CardTest.php" line="68" assertions="1" time="0.000301"/>
        <testcase name="testRemainingCards" class="App\Card\CardTest" classname="App.Card.CardTest" file="/home/rebas/dbwebb-kurser/mvc/me/report/tests/Card/CardTest.php" line="83" assertions="1" time="0.000380"/>
        <testcase name="testDrawCardFromDeckReturnsCard" class="App\Card\CardTest" classname="App.Card.CardTest" file="/home/rebas/dbwebb-kurser/mvc/me/report/tests/Card/CardTest.php" line="95" assertions="2" time="0.000482"/>
        <testcase name="testBankDrawStopsAtMinPoints" class="App\Card\CardTest" classname="App.Card.CardTest" file="/home/rebas/dbwebb-kurser/mvc/me/report/tests/Card/CardTest.php" line="110" assertions="5" time="0.002132"/>
        <testcase name="testCardJson" class="App\Card\CardTest" classname="App.Card.CardTest" file="/home/rebas/dbwebb-kurser/mvc/me/report/tests/Card/CardTest.php" line="127" assertions="2" time="0.000302"/>
        <testcase name="testToString" class="App\Card\CardTest" classname="App.Card.CardTest" file="/home/rebas/dbwebb-kurser/mvc/me/report/tests/Card/CardTest.php" line="144" assertions="1" time="0.000357"/>
      </testsuite>
      <testsuite name="App\DeckOfCards\DeckOfCardsTest" file="/home/rebas/dbwebb-kurser/mvc/me/report/tests/Card/DeckOfCardsTest.php" tests="4" assertions="14" errors="0" warnings="0" failures="0" skipped="0" time="0.003469">
        <testcase name="testGetCards" class="App\DeckOfCards\DeckOfCardsTest" classname="App.DeckOfCards.DeckOfCardsTest" file="/home/rebas/dbwebb-kurser/mvc/me/report/tests/Card/DeckOfCardsTest.php" line="16" assertions="3" time="0.000408"/>
        <testcase name="testDrawCards" class="App\DeckOfCards\DeckOfCardsTest" classname="App.DeckOfCards.DeckOfCardsTest" file="/home/rebas/dbwebb-kurser/mvc/me/report/tests/Card/DeckOfCardsTest.php" line="29" assertions="1" time="0.000386"/>
        <testcase name="testDrawCard" class="App\DeckOfCards\DeckOfCardsTest" classname="App.DeckOfCards.DeckOfCardsTest" file="/home/rebas/dbwebb-kurser/mvc/me/report/tests/Card/DeckOfCardsTest.php" line="41" assertions="2" time="0.000415"/>
        <testcase name="testSortByColorAndNumber" class="App\DeckOfCards\DeckOfCardsTest" classname="App.DeckOfCards.DeckOfCardsTest" file="/home/rebas/dbwebb-kurser/mvc/me/report/tests/Card/DeckOfCardsTest.php" line="54" assertions="8" time="0.002260"/>
      </testsuite>
      <testsuite name="App\Tests\Controller\LibraryControllerTest" file="/home/rebas/dbwebb-kurser/mvc/me/report/tests/Library/LibraryControllerTest.php" tests="2" assertions="4" errors="0" warnings="0" failures="0" skipped="0" time="0.006936">
        <testcase name="testShowAllLibraryReturnsJson" class="App\Tests\Controller\LibraryControllerTest" classname="App.Tests.Controller.LibraryControllerTest" file="/home/rebas/dbwebb-kurser/mvc/me/report/tests/Library/LibraryControllerTest.php" line="12" assertions="2" time="0.005861"/>
        <testcase name="testViewAllLibraryReturnsResponse" class="App\Tests\Controller\LibraryControllerTest" classname="App.Tests.Controller.LibraryControllerTest" file="/home/rebas/dbwebb-kurser/mvc/me/report/tests/Library/LibraryControllerTest.php" line="33" assertions="2" time="0.001075"/>
      </testsuite>
      <testsuite name="App\Tests\Controller\ProjControllerRouteTest" file="/home/rebas/dbwebb-kurser/mvc/me/report/tests/Proj/ProjControllerRouteTest.php" tests="3" assertions="10" errors="0" warnings="0" failures="0" skipped="0" time="0.322012">
        <testcase name="testProjHomeRouteIsSuccessful" class="App\Tests\Controller\ProjControllerRouteTest" classname="App.Tests.Controller.ProjControllerRouteTest" file="/home/rebas/dbwebb-kurser/mvc/me/report/tests/Proj/ProjControllerRouteTest.php" line="9" assertions="3" time="0.221792"/>
        <testcase name="testProjAboutRouteIsSuccessful" class="App\Tests\Controller\ProjControllerRouteTest" classname="App.Tests.Controller.ProjControllerRouteTest" file="/home/rebas/dbwebb-kurser/mvc/me/report/tests/Proj/ProjControllerRouteTest.php" line="18" assertions="3" time="0.013736"/>
        <testcase name="testProjBrandsRouteIsSuccessful" class="App\Tests\Controller\ProjControllerRouteTest" classname="App.Tests.Controller.ProjControllerRouteTest" file="/home/rebas/dbwebb-kurser/mvc/me/report/tests/Proj/ProjControllerRouteTest.php" line="27" assertions="4" time="0.086484"/>
      </testsuite>
      <testsuite name="App\Tests\ProjControllerTest" file="/home/rebas/dbwebb-kurser/mvc/me/report/tests/Proj/ProjControllerTest.php" tests="4" assertions="7" errors="0" warnings="0" failures="0" skipped="0" time="0.003757">
        <testcase name="testFindAllPosts" class="App\Tests\ProjControllerTest" classname="App.Tests.ProjControllerTest" file="/home/rebas/dbwebb-kurser/mvc/me/report/tests/Proj/ProjControllerTest.php" line="15" assertions="2" time="0.001450"/>
        <testcase name="testFindAllCategories" class="App\Tests\ProjControllerTest" classname="App.Tests.ProjControllerTest" file="/home/rebas/dbwebb-kurser/mvc/me/report/tests/Proj/ProjControllerTest.php" line="29" assertions="2" time="0.001746"/>
        <testcase name="testSetAndGetCategory" class="App\Tests\ProjControllerTest" classname="App.Tests.ProjControllerTest" file="/home/rebas/dbwebb-kurser/mvc/me/report/tests/Proj/ProjControllerTest.php" line="43" assertions="2" time="0.000296"/>
        <testcase name="testSetAndGetImage" class="App\Tests\ProjControllerTest" classname="App.Tests.ProjControllerTest" file="/home/rebas/dbwebb-kurser/mvc/me/report/tests/Proj/ProjControllerTest.php" line="55" assertions="1" time="0.000265"/>
      </testsuite>
    </testsuite>
  </testsuite>
</testsuites>
