<?xml version="1.0" encoding="UTF-8"?>
<testsuites>
  <testsuite name="" tests="24" assertions="76" errors="0" warnings="0" failures="0" skipped="0" time="0.087181">
    <testsuite name="Project Test Suite" tests="24" assertions="76" errors="0" warnings="0" failures="0" skipped="0" time="0.087181">
      <testsuite name="App\Controller\ApiDatControllerTest" file="/home/rebas/dbwebb-kurser/mvc/me/report/tests/Api/ApiDataControllerTest.php" tests="4" assertions="23" errors="0" warnings="0" failures="0" skipped="0" time="0.051546">
        <testcase name="testJsonDeck" class="App\Controller\ApiDatControllerTest" classname="App.Controller.ApiDatControllerTest" file="/home/rebas/dbwebb-kurser/mvc/me/report/tests/Api/ApiDataControllerTest.php" line="18" assertions="5" time="0.024093"/>
        <testcase name="testJsonShuffle" class="App\Controller\ApiDatControllerTest" classname="App.Controller.ApiDatControllerTest" file="/home/rebas/dbwebb-kurser/mvc/me/report/tests/Api/ApiDataControllerTest.php" line="37" assertions="6" time="0.021897"/>
        <testcase name="testDrawCard" class="App\Controller\ApiDatControllerTest" classname="App.Controller.ApiDatControllerTest" file="/home/rebas/dbwebb-kurser/mvc/me/report/tests/Api/ApiDataControllerTest.php" line="65" assertions="6" time="0.002778"/>
        <testcase name="testDrawMultipleCards" class="App\Controller\ApiDatControllerTest" classname="App.Controller.ApiDatControllerTest" file="/home/rebas/dbwebb-kurser/mvc/me/report/tests/Api/ApiDataControllerTest.php" line="104" assertions="6" time="0.002778"/>
      </testsuite>
      <testsuite name="App\Card\CardControllerTest" file="/home/rebas/dbwebb-kurser/mvc/me/report/tests/Card/CardControllerTest.php" tests="3" assertions="16" errors="0" warnings="0" failures="0" skipped="0" time="0.009880">
        <testcase name="testStartGame" class="App\Card\CardControllerTest" classname="App.Card.CardControllerTest" file="/home/rebas/dbwebb-kurser/mvc/me/report/tests/Card/CardControllerTest.php" line="17" assertions="8" time="0.004644"/>
        <testcase name="testRestartGameClearsSessionAndRedirects" class="App\Card\CardControllerTest" classname="App.Card.CardControllerTest" file="/home/rebas/dbwebb-kurser/mvc/me/report/tests/Card/CardControllerTest.php" line="53" assertions="4" time="0.004034"/>
        <testcase name="testDeleteClears" class="App\Card\CardControllerTest" classname="App.Card.CardControllerTest" file="/home/rebas/dbwebb-kurser/mvc/me/report/tests/Card/CardControllerTest.php" line="84" assertions="4" time="0.001202"/>
      </testsuite>
      <testsuite name="App\CardGraphic\CardGraphicTest" file="/home/rebas/dbwebb-kurser/mvc/me/report/tests/Card/CardGraphicTest.php" tests="1" assertions="2" errors="0" warnings="0" failures="0" skipped="0" time="0.000447">
        <testcase name="testCardGraphicUnicode" class="App\CardGraphic\CardGraphicTest" classname="App.CardGraphic.CardGraphicTest" file="/home/rebas/dbwebb-kurser/mvc/me/report/tests/Card/CardGraphicTest.php" line="12" assertions="2" time="0.000447"/>
      </testsuite>
      <testsuite name="App\Card\CardTest" file="/home/rebas/dbwebb-kurser/mvc/me/report/tests/Card/CardTest.php" tests="10" assertions="17" errors="0" warnings="0" failures="0" skipped="0" time="0.008654">
        <testcase name="testCreateCard" class="App\Card\CardTest" classname="App.Card.CardTest" file="/home/rebas/dbwebb-kurser/mvc/me/report/tests/Card/CardTest.php" line="13" assertions="3" time="0.000310"/>
        <testcase name="testDrawForBank" class="App\Card\CardTest" classname="App.Card.CardTest" file="/home/rebas/dbwebb-kurser/mvc/me/report/tests/Card/CardTest.php" line="28" assertions="1" time="0.000356"/>
        <testcase name="testWinnerBank" class="App\Card\CardTest" classname="App.Card.CardTest" file="/home/rebas/dbwebb-kurser/mvc/me/report/tests/Card/CardTest.php" line="44" assertions="1" time="0.000428"/>
        <testcase name="testWinnerPlayer" class="App\Card\CardTest" classname="App.Card.CardTest" file="/home/rebas/dbwebb-kurser/mvc/me/report/tests/Card/CardTest.php" line="55" assertions="1" time="0.000401"/>
        <testcase name="testCalculateTotalPointsWithAceAsOne" class="App\Card\CardTest" classname="App.Card.CardTest" file="/home/rebas/dbwebb-kurser/mvc/me/report/tests/Card/CardTest.php" line="68" assertions="1" time="0.000476"/>
        <testcase name="testRemainingCards" class="App\Card\CardTest" classname="App.Card.CardTest" file="/home/rebas/dbwebb-kurser/mvc/me/report/tests/Card/CardTest.php" line="83" assertions="1" time="0.000431"/>
        <testcase name="testDrawCardFromDeckReturnsCard" class="App\Card\CardTest" classname="App.Card.CardTest" file="/home/rebas/dbwebb-kurser/mvc/me/report/tests/Card/CardTest.php" line="95" assertions="2" time="0.000910"/>
        <testcase name="testBankDrawStopsAtMinPoints" class="App\Card\CardTest" classname="App.Card.CardTest" file="/home/rebas/dbwebb-kurser/mvc/me/report/tests/Card/CardTest.php" line="110" assertions="4" time="0.004254"/>
        <testcase name="testCardJson" class="App\Card\CardTest" classname="App.Card.CardTest" file="/home/rebas/dbwebb-kurser/mvc/me/report/tests/Card/CardTest.php" line="127" assertions="2" time="0.000360"/>
        <testcase name="testToString" class="App\Card\CardTest" classname="App.Card.CardTest" file="/home/rebas/dbwebb-kurser/mvc/me/report/tests/Card/CardTest.php" line="144" assertions="1" time="0.000728"/>
      </testsuite>
      <testsuite name="App\DeckOfCards\DeckOfCardsTest" file="/home/rebas/dbwebb-kurser/mvc/me/report/tests/Card/DeckOfCardsTest.php" tests="4" assertions="14" errors="0" warnings="0" failures="0" skipped="0" time="0.005075">
        <testcase name="testGetCards" class="App\DeckOfCards\DeckOfCardsTest" classname="App.DeckOfCards.DeckOfCardsTest" file="/home/rebas/dbwebb-kurser/mvc/me/report/tests/Card/DeckOfCardsTest.php" line="16" assertions="3" time="0.000509"/>
        <testcase name="testDrawCards" class="App\DeckOfCards\DeckOfCardsTest" classname="App.DeckOfCards.DeckOfCardsTest" file="/home/rebas/dbwebb-kurser/mvc/me/report/tests/Card/DeckOfCardsTest.php" line="29" assertions="1" time="0.000497"/>
        <testcase name="testDrawCard" class="App\DeckOfCards\DeckOfCardsTest" classname="App.DeckOfCards.DeckOfCardsTest" file="/home/rebas/dbwebb-kurser/mvc/me/report/tests/Card/DeckOfCardsTest.php" line="41" assertions="2" time="0.000477"/>
        <testcase name="testSortByColorAndNumber" class="App\DeckOfCards\DeckOfCardsTest" classname="App.DeckOfCards.DeckOfCardsTest" file="/home/rebas/dbwebb-kurser/mvc/me/report/tests/Card/DeckOfCardsTest.php" line="54" assertions="8" time="0.003593"/>
      </testsuite>
      <testsuite name="App\Tests\Controller\LibraryControllerTest" file="/home/rebas/dbwebb-kurser/mvc/me/report/tests/Library/LibraryControllerTest.php" tests="2" assertions="4" errors="0" warnings="0" failures="0" skipped="0" time="0.011579">
        <testcase name="testShowAllLibraryReturnsJson" class="App\Tests\Controller\LibraryControllerTest" classname="App.Tests.Controller.LibraryControllerTest" file="/home/rebas/dbwebb-kurser/mvc/me/report/tests/Library/LibraryControllerTest.php" line="12" assertions="2" time="0.009534"/>
        <testcase name="testViewAllLibraryReturnsResponse" class="App\Tests\Controller\LibraryControllerTest" classname="App.Tests.Controller.LibraryControllerTest" file="/home/rebas/dbwebb-kurser/mvc/me/report/tests/Library/LibraryControllerTest.php" line="33" assertions="2" time="0.002045"/>
      </testsuite>
    </testsuite>
  </testsuite>
</testsuites>
