<?xml version="1.0" encoding="UTF-8"?>
<testsuites>
  <testsuite name="" tests="21" assertions="60" errors="0" warnings="0" failures="0" skipped="0" time="0.054015">
    <testsuite name="Project Test Suite" tests="21" assertions="60" errors="0" warnings="0" failures="0" skipped="0" time="0.054015">
      <testsuite name="App\Controller\ApiDatControllerTest" file="/home/rebas/dbwebb-kurser/mvc/me/report/tests/Api/ApiDataControllerTest.php" tests="4" assertions="23" errors="0" warnings="0" failures="0" skipped="0" time="0.038080">
        <testcase name="testJsonDeck" class="App\Controller\ApiDatControllerTest" classname="App.Controller.ApiDatControllerTest" file="/home/rebas/dbwebb-kurser/mvc/me/report/tests/Api/ApiDataControllerTest.php" line="18" assertions="5" time="0.018539"/>
        <testcase name="testJsonShuffle" class="App\Controller\ApiDatControllerTest" classname="App.Controller.ApiDatControllerTest" file="/home/rebas/dbwebb-kurser/mvc/me/report/tests/Api/ApiDataControllerTest.php" line="37" assertions="6" time="0.016793"/>
        <testcase name="testDrawCard" class="App\Controller\ApiDatControllerTest" classname="App.Controller.ApiDatControllerTest" file="/home/rebas/dbwebb-kurser/mvc/me/report/tests/Api/ApiDataControllerTest.php" line="65" assertions="6" time="0.001483"/>
        <testcase name="testDrawMultipleCards" class="App\Controller\ApiDatControllerTest" classname="App.Controller.ApiDatControllerTest" file="/home/rebas/dbwebb-kurser/mvc/me/report/tests/Api/ApiDataControllerTest.php" line="104" assertions="6" time="0.001266"/>
      </testsuite>
      <testsuite name="App\CardGraphic\CardGraphicTest" file="/home/rebas/dbwebb-kurser/mvc/me/report/tests/Card/CardGraphicTest.php" tests="1" assertions="2" errors="0" warnings="0" failures="0" skipped="0" time="0.000273">
        <testcase name="testCardGraphicUnicode" class="App\CardGraphic\CardGraphicTest" classname="App.CardGraphic.CardGraphicTest" file="/home/rebas/dbwebb-kurser/mvc/me/report/tests/Card/CardGraphicTest.php" line="12" assertions="2" time="0.000273"/>
      </testsuite>
      <testsuite name="App\Card\CardTest" file="/home/rebas/dbwebb-kurser/mvc/me/report/tests/Card/CardTest.php" tests="10" assertions="17" errors="0" warnings="0" failures="0" skipped="0" time="0.005154">
        <testcase name="testCreateCard" class="App\Card\CardTest" classname="App.Card.CardTest" file="/home/rebas/dbwebb-kurser/mvc/me/report/tests/Card/CardTest.php" line="13" assertions="3" time="0.000285"/>
        <testcase name="testDrawForBank" class="App\Card\CardTest" classname="App.Card.CardTest" file="/home/rebas/dbwebb-kurser/mvc/me/report/tests/Card/CardTest.php" line="28" assertions="1" time="0.000280"/>
        <testcase name="testWinnerBank" class="App\Card\CardTest" classname="App.Card.CardTest" file="/home/rebas/dbwebb-kurser/mvc/me/report/tests/Card/CardTest.php" line="44" assertions="1" time="0.000268"/>
        <testcase name="testWinnerPlayer" class="App\Card\CardTest" classname="App.Card.CardTest" file="/home/rebas/dbwebb-kurser/mvc/me/report/tests/Card/CardTest.php" line="55" assertions="1" time="0.000347"/>
        <testcase name="testCalculateTotalPointsWithAceAsOne" class="App\Card\CardTest" classname="App.Card.CardTest" file="/home/rebas/dbwebb-kurser/mvc/me/report/tests/Card/CardTest.php" line="68" assertions="1" time="0.000283"/>
        <testcase name="testRemainingCards" class="App\Card\CardTest" classname="App.Card.CardTest" file="/home/rebas/dbwebb-kurser/mvc/me/report/tests/Card/CardTest.php" line="83" assertions="1" time="0.000359"/>
        <testcase name="testDrawCardFromDeckReturnsCard" class="App\Card\CardTest" classname="App.Card.CardTest" file="/home/rebas/dbwebb-kurser/mvc/me/report/tests/Card/CardTest.php" line="95" assertions="2" time="0.000415"/>
        <testcase name="testBankDrawStopsAtMinPoints" class="App\Card\CardTest" classname="App.Card.CardTest" file="/home/rebas/dbwebb-kurser/mvc/me/report/tests/Card/CardTest.php" line="110" assertions="4" time="0.002288"/>
        <testcase name="testCardJson" class="App\Card\CardTest" classname="App.Card.CardTest" file="/home/rebas/dbwebb-kurser/mvc/me/report/tests/Card/CardTest.php" line="127" assertions="2" time="0.000287"/>
        <testcase name="testToString" class="App\Card\CardTest" classname="App.Card.CardTest" file="/home/rebas/dbwebb-kurser/mvc/me/report/tests/Card/CardTest.php" line="144" assertions="1" time="0.000342"/>
      </testsuite>
      <testsuite name="App\DeckOfCards\DeckOfCardsTest" file="/home/rebas/dbwebb-kurser/mvc/me/report/tests/Card/DeckOfCardsTest.php" tests="4" assertions="14" errors="0" warnings="0" failures="0" skipped="0" time="0.003580">
        <testcase name="testGetCards" class="App\DeckOfCards\DeckOfCardsTest" classname="App.DeckOfCards.DeckOfCardsTest" file="/home/rebas/dbwebb-kurser/mvc/me/report/tests/Card/DeckOfCardsTest.php" line="16" assertions="3" time="0.000399"/>
        <testcase name="testDrawCards" class="App\DeckOfCards\DeckOfCardsTest" classname="App.DeckOfCards.DeckOfCardsTest" file="/home/rebas/dbwebb-kurser/mvc/me/report/tests/Card/DeckOfCardsTest.php" line="29" assertions="1" time="0.000427"/>
        <testcase name="testDrawCard" class="App\DeckOfCards\DeckOfCardsTest" classname="App.DeckOfCards.DeckOfCardsTest" file="/home/rebas/dbwebb-kurser/mvc/me/report/tests/Card/DeckOfCardsTest.php" line="41" assertions="2" time="0.000374"/>
        <testcase name="testSortByColorAndNumber" class="App\DeckOfCards\DeckOfCardsTest" classname="App.DeckOfCards.DeckOfCardsTest" file="/home/rebas/dbwebb-kurser/mvc/me/report/tests/Card/DeckOfCardsTest.php" line="54" assertions="8" time="0.002380"/>
      </testsuite>
      <testsuite name="App\Tests\Controller\LibraryControllerTest" file="/home/rebas/dbwebb-kurser/mvc/me/report/tests/Library/LibraryControllerTest.php" tests="2" assertions="4" errors="0" warnings="0" failures="0" skipped="0" time="0.006927">
        <testcase name="testShowAllLibraryReturnsJson" class="App\Tests\Controller\LibraryControllerTest" classname="App.Tests.Controller.LibraryControllerTest" file="/home/rebas/dbwebb-kurser/mvc/me/report/tests/Library/LibraryControllerTest.php" line="12" assertions="2" time="0.005941"/>
        <testcase name="testViewAllLibraryReturnsResponse" class="App\Tests\Controller\LibraryControllerTest" classname="App.Tests.Controller.LibraryControllerTest" file="/home/rebas/dbwebb-kurser/mvc/me/report/tests/Library/LibraryControllerTest.php" line="33" assertions="2" time="0.000986"/>
      </testsuite>
    </testsuite>
  </testsuite>
</testsuites>
