<?xml version="1.0" encoding="UTF-8"?>
<testsuites>
  <testsuite name="" tests="15" assertions="34" errors="0" warnings="0" failures="0" skipped="0" time="0.020121">
    <testsuite name="Project Test Suite" tests="15" assertions="34" errors="0" warnings="0" failures="0" skipped="0" time="0.020121">
      <testsuite name="App\CardGraphic\CardGraphicTest" file="/home/rebas/dbwebb-kurser/mvc/me/report/tests/Card/CardGraphicTest.php" tests="1" assertions="2" errors="0" warnings="0" failures="0" skipped="0" time="0.008363">
        <testcase name="testCardGraphicUnicode" class="App\CardGraphic\CardGraphicTest" classname="App.CardGraphic.CardGraphicTest" file="/home/rebas/dbwebb-kurser/mvc/me/report/tests/Card/CardGraphicTest.php" line="12" assertions="2" time="0.008363"/>
      </testsuite>
      <testsuite name="App\Card\CardTest" file="/home/rebas/dbwebb-kurser/mvc/me/report/tests/Card/CardTest.php" tests="10" assertions="18" errors="0" warnings="0" failures="0" skipped="0" time="0.007430">
        <testcase name="testCreateCard" class="App\Card\CardTest" classname="App.Card.CardTest" file="/home/rebas/dbwebb-kurser/mvc/me/report/tests/Card/CardTest.php" line="13" assertions="3" time="0.000709"/>
        <testcase name="testDrawForBank" class="App\Card\CardTest" classname="App.Card.CardTest" file="/home/rebas/dbwebb-kurser/mvc/me/report/tests/Card/CardTest.php" line="28" assertions="1" time="0.000348"/>
        <testcase name="testWinnerBank" class="App\Card\CardTest" classname="App.Card.CardTest" file="/home/rebas/dbwebb-kurser/mvc/me/report/tests/Card/CardTest.php" line="44" assertions="1" time="0.000296"/>
        <testcase name="testWinnerPlayer" class="App\Card\CardTest" classname="App.Card.CardTest" file="/home/rebas/dbwebb-kurser/mvc/me/report/tests/Card/CardTest.php" line="55" assertions="1" time="0.000260"/>
        <testcase name="testCalculateTotalPointsWithAceAsOne" class="App\Card\CardTest" classname="App.Card.CardTest" file="/home/rebas/dbwebb-kurser/mvc/me/report/tests/Card/CardTest.php" line="68" assertions="1" time="0.000278"/>
        <testcase name="testRemainingCards" class="App\Card\CardTest" classname="App.Card.CardTest" file="/home/rebas/dbwebb-kurser/mvc/me/report/tests/Card/CardTest.php" line="83" assertions="1" time="0.001174"/>
        <testcase name="testDrawCardFromDeckReturnsCard" class="App\Card\CardTest" classname="App.Card.CardTest" file="/home/rebas/dbwebb-kurser/mvc/me/report/tests/Card/CardTest.php" line="95" assertions="2" time="0.001672"/>
        <testcase name="testBankDrawStopsAtMinPoints" class="App\Card\CardTest" classname="App.Card.CardTest" file="/home/rebas/dbwebb-kurser/mvc/me/report/tests/Card/CardTest.php" line="110" assertions="5" time="0.002088"/>
        <testcase name="testCardJson" class="App\Card\CardTest" classname="App.Card.CardTest" file="/home/rebas/dbwebb-kurser/mvc/me/report/tests/Card/CardTest.php" line="127" assertions="2" time="0.000283"/>
        <testcase name="testToString" class="App\Card\CardTest" classname="App.Card.CardTest" file="/home/rebas/dbwebb-kurser/mvc/me/report/tests/Card/CardTest.php" line="144" assertions="1" time="0.000321"/>
      </testsuite>
      <testsuite name="App\DeckOfCards\DeckOfCardsTest" file="/home/rebas/dbwebb-kurser/mvc/me/report/tests/Card/DeckOfCardsTest.php" tests="4" assertions="14" errors="0" warnings="0" failures="0" skipped="0" time="0.004329">
        <testcase name="testGetCards" class="App\DeckOfCards\DeckOfCardsTest" classname="App.DeckOfCards.DeckOfCardsTest" file="/home/rebas/dbwebb-kurser/mvc/me/report/tests/Card/DeckOfCardsTest.php" line="16" assertions="3" time="0.001195"/>
        <testcase name="testDrawCards" class="App\DeckOfCards\DeckOfCardsTest" classname="App.DeckOfCards.DeckOfCardsTest" file="/home/rebas/dbwebb-kurser/mvc/me/report/tests/Card/DeckOfCardsTest.php" line="29" assertions="1" time="0.000424"/>
        <testcase name="testDrawCard" class="App\DeckOfCards\DeckOfCardsTest" classname="App.DeckOfCards.DeckOfCardsTest" file="/home/rebas/dbwebb-kurser/mvc/me/report/tests/Card/DeckOfCardsTest.php" line="41" assertions="2" time="0.000430"/>
        <testcase name="testSortByColorAndNumber" class="App\DeckOfCards\DeckOfCardsTest" classname="App.DeckOfCards.DeckOfCardsTest" file="/home/rebas/dbwebb-kurser/mvc/me/report/tests/Card/DeckOfCardsTest.php" line="54" assertions="8" time="0.002281"/>
      </testsuite>
    </testsuite>
  </testsuite>
</testsuites>
